<?xml version="1.0" encoding="UTF-8"?>
<!-- Generated by org.testng.reporters.JUnitReportReporter -->
<testsuite hostname="DESKTOP-D0UV027" failures="0" tests="1" name="com.dezlearn.qa.DemoQA_FormAutomation_Project.PracticeFormTest" time="24.159" errors="0" timestamp="2025-07-02T19:40:26 IST" skipped="0">
  <testcase classname="com.dezlearn.qa.DemoQA_FormAutomation_Project.PracticeFormTest" name="fillCompleteDemoQAForm" time="24.159"/>
</testsuite> <!-- com.dezlearn.qa.DemoQA_FormAutomation_Project.PracticeFormTest -->
